Arguments: 
  C:\Program Files\nodejs\node.exe C:\Program Files (x86)\Yarn\bin\yarn.js add baidu-api-sdk

PATH: 
  C:\Program Files\Git\mingw64\bin;C:\Program Files\Git\usr\bin;C:\Users\wksc\bin;C:\Program Files\Docker\Docker\Resources\bin;C:\Program Files (x86)\Intel\iCLS Client;C:\Program Files\Intel\iCLS Client;C:\WINDOWS\system32;C:\WINDOWS;C:\WINDOWS\System32\Wbem;C:\WINDOWS\System32\WindowsPowerShell\v1.0;C:\Program Files (x86)\Intel\Intel(R) Management Engine Components\DAL;C:\Program Files\Intel\Intel(R) Management Engine Components\DAL;C:\Program Files (x86)\Intel\Intel(R) Management Engine Components\IPT;C:\Program Files\Intel\Intel(R) Management Engine Components\IPT;C:\Program Files\nodejs;C:\Program Files\Git\cmd;C:\Program Files (x86)\Yarn\bin;C:\OpenCV\build\x64\vc12\bin;C:\Program Files\Microsoft SQL Server\110\Tools\Binn;C:\Program Files\2345Soft\HaoZip;C:\ProgramData\chocolatey\bin;C:\sqlite;C:\mysql-5.7.22-winx64\bin;C:\Users\wksc\AppData\Local\Programs\Python\Python35;C:\Users\wksc\AppData\Local\Programs\Python\Python35\Scripts;C:\Program Files\Microsoft VS Code\bin;C:\MinGW\bin;C:\WINDOWS\System32\OpenSSH;C:\Users\wksc\AppData\Local\Programs\Python\Python35\Scripts;C:\Users\wksc\AppData\Local\Programs\Python\Python35;C:\Users\wksc\AppData\Local\Programs\Python\Python35-32\Scripts;C:\Users\wksc\AppData\Local\Programs\Python\Python35-32;C:\Users\wksc\AppData\Local\Microsoft\WindowsApps;C:\Users\wksc\AppData\Roaming\npm;C:\Program Files\Microsoft VS Code\bin;C:\Users\wksc\AppData\Local\Yarn\bin;C:\Program Files\Docker Toolbox;C:\Program Files\2345Soft\HaoZip;C:\Users\wksc\AppData\Local\Programs\Fiddler;C:\Users\wksc\AppData\Local\.meteor;C:\Users\wksc\AppData\Local\Microsoft\WindowsApps;C:\Users\wksc\AppData\Local\Programs\Microsoft VS Code\bin

Yarn version: 
  1.3.2

Node version: 
  8.9.4

Platform: 
  win32 x64

npm manifest: 
  {
    "name": "identifyface",
    "version": "1.0.0",
    "description": "",
    "main": "index.js",
    "scripts": {
      "test": "echo \"Error: no test specified\" && exit 1"
    },
    "author": "",
    "license": "ISC",
    "dependencies": {
      "axios": "^0.18.0",
      "qs": "^6.5.2",
      "wx-server-sdk": "latest"
    }
  }

yarn manifest: 
  No manifest

Lockfile: 
  No lockfile

Trace: 
  Error: https://registry.yarnpkg.com/baidu-api-sdk: Not found
      at Request.params.callback [as _callback] (C:\Program Files (x86)\Yarn\lib\cli.js:62098:18)
      at Request.self.callback (C:\Program Files (x86)\Yarn\lib\cli.js:123085:22)
      at emitTwo (events.js:126:13)
      at Request.emit (events.js:214:7)
      at Request.<anonymous> (C:\Program Files (x86)\Yarn\lib\cli.js:124068:10)
      at emitOne (events.js:116:13)
      at Request.emit (events.js:211:7)
      at IncomingMessage.<anonymous> (C:\Program Files (x86)\Yarn\lib\cli.js:123988:12)
      at Object.onceWrapper (events.js:313:30)
      at emitNone (events.js:111:20)
